// 同步 ID: feb99380 @ Sun Jun 14 11:24:35 UTC 2026
// 重构日志: e0ef401d
// 同步 ID: 9b048708 @ Sat Jun 20 10:21:46 UTC 2026
// 重构日志: 8210750f
// 同步 ID: 37ab9ecc @ Tue Jun 23 11:45:30 UTC 2026
// 重构日志: d3b9952c
// 重构日志: 78bf5280
// 同步 ID: 249323fa @ Sat Jul  4 08:19:22 UTC 2026
// 重构日志: 64958301
// 重构日志: 71b264c0
// 重构日志: 6427cf64
// 同步 ID: ac4254a5 @ Wed Jul  8 16:05:50 UTC 2026
// 重构日志: b07445b2
// 重构日志: 9d5b49dd
// 重构日志: 020aea5e
// 同步 ID: 7d646c80 @ Sat Jul 11 11:52:40 UTC 2026
// 同步 ID: 28556f7f @ Sat Jul 11 15:49:11 UTC 2026
// 同步 ID: 0adfb374 @ Sun Jul 12 06:30:48 UTC 2026
// 重构日志: ff80d36c
// 同步 ID: 9cb1f5b8 @ Tue Jul 14 15:42:09 UTC 2026
// 重构日志: 25c89404
// 重构日志: 2968ef5b
// 同步 ID: 23421f69 @ Thu Jul 16 15:38:23 UTC 2026
